Internal Server Error: /
Traceback (most recent call last):
  File "C:\Users\mohamedyousry\Envs\sphinxproject\lib\site-packages\django\core\handlers\exception.py", line 47, in inner
    response = get_response(request)
  File "C:\Users\mohamedyousry\Envs\sphinxproject\lib\site-packages\django\core\handlers\base.py", line 179, in _get_response
    response = wrapped_callback(request, *callback_args, **callback_kwargs)
  File "C:\Users\mohamedyousry\mypro\sphinxx\SecurityHome\views.py", line 10, in index
    return render(request, 'index.html',{'client':cl})
  File "C:\Users\mohamedyousry\Envs\sphinxproject\lib\site-packages\django\shortcuts.py", line 19, in render
    content = loader.render_to_string(template_name, context, request, using=using)
  File "C:\Users\mohamedyousry\Envs\sphinxproject\lib\site-packages\django\template\loader.py", line 62, in render_to_string
    return template.render(context, request)
  File "C:\Users\mohamedyousry\Envs\sphinxproject\lib\site-packages\django\template\backends\django.py", line 61, in render
    return self.template.render(context)
  File "C:\Users\mohamedyousry\Envs\sphinxproject\lib\site-packages\django\template\base.py", line 170, in render
    return self._render(context)
  File "C:\Users\mohamedyousry\Envs\sphinxproject\lib\site-packages\django\template\base.py", line 162, in _render
    return self.nodelist.render(context)
  File "C:\Users\mohamedyousry\Envs\sphinxproject\lib\site-packages\django\template\base.py", line 938, in render
    bit = node.render_annotated(context)
  File "C:\Users\mohamedyousry\Envs\sphinxproject\lib\site-packages\django\template\base.py", line 905, in render_annotated
    return self.render(context)
  File "C:\Users\mohamedyousry\Envs\sphinxproject\lib\site-packages\django\templatetags\static.py", line 106, in render
    url = self.url(context)
  File "C:\Users\mohamedyousry\Envs\sphinxproject\lib\site-packages\django\templatetags\static.py", line 103, in url
    return self.handle_simple(path)
  File "C:\Users\mohamedyousry\Envs\sphinxproject\lib\site-packages\django\templatetags\static.py", line 118, in handle_simple
    return staticfiles_storage.url(path)
  File "C:\Users\mohamedyousry\Envs\sphinxproject\lib\site-packages\django\contrib\staticfiles\storage.py", line 147, in url
    return self._url(self.stored_name, name, force)
  File "C:\Users\mohamedyousry\Envs\sphinxproject\lib\site-packages\django\contrib\staticfiles\storage.py", line 126, in _url
    hashed_name = hashed_name_func(*args)
  File "C:\Users\mohamedyousry\Envs\sphinxproject\lib\site-packages\django\contrib\staticfiles\storage.py", line 417, in stored_name
    raise ValueError("Missing staticfiles manifest entry for '%s'" % clean_name)
ValueError: Missing staticfiles manifest entry for 'img/fav.png'
"GET / HTTP/1.1" 500 145
Internal Server Error: /
Traceback (most recent call last):
  File "C:\Users\mohamedyousry\Envs\sphinxproject\lib\site-packages\django\core\handlers\exception.py", line 47, in inner
    response = get_response(request)
  File "C:\Users\mohamedyousry\Envs\sphinxproject\lib\site-packages\django\core\handlers\base.py", line 179, in _get_response
    response = wrapped_callback(request, *callback_args, **callback_kwargs)
  File "C:\Users\mohamedyousry\mypro\sphinxx\SecurityHome\views.py", line 10, in index
    return render(request, 'index.html',{'client':cl})
  File "C:\Users\mohamedyousry\Envs\sphinxproject\lib\site-packages\django\shortcuts.py", line 19, in render
    content = loader.render_to_string(template_name, context, request, using=using)
  File "C:\Users\mohamedyousry\Envs\sphinxproject\lib\site-packages\django\template\loader.py", line 62, in render_to_string
    return template.render(context, request)
  File "C:\Users\mohamedyousry\Envs\sphinxproject\lib\site-packages\django\template\backends\django.py", line 61, in render
    return self.template.render(context)
  File "C:\Users\mohamedyousry\Envs\sphinxproject\lib\site-packages\django\template\base.py", line 170, in render
    return self._render(context)
  File "C:\Users\mohamedyousry\Envs\sphinxproject\lib\site-packages\django\template\base.py", line 162, in _render
    return self.nodelist.render(context)
  File "C:\Users\mohamedyousry\Envs\sphinxproject\lib\site-packages\django\template\base.py", line 938, in render
    bit = node.render_annotated(context)
  File "C:\Users\mohamedyousry\Envs\sphinxproject\lib\site-packages\django\template\base.py", line 905, in render_annotated
    return self.render(context)
  File "C:\Users\mohamedyousry\Envs\sphinxproject\lib\site-packages\django\templatetags\static.py", line 106, in render
    url = self.url(context)
  File "C:\Users\mohamedyousry\Envs\sphinxproject\lib\site-packages\django\templatetags\static.py", line 103, in url
    return self.handle_simple(path)
  File "C:\Users\mohamedyousry\Envs\sphinxproject\lib\site-packages\django\templatetags\static.py", line 118, in handle_simple
    return staticfiles_storage.url(path)
  File "C:\Users\mohamedyousry\Envs\sphinxproject\lib\site-packages\django\contrib\staticfiles\storage.py", line 147, in url
    return self._url(self.stored_name, name, force)
  File "C:\Users\mohamedyousry\Envs\sphinxproject\lib\site-packages\django\contrib\staticfiles\storage.py", line 126, in _url
    hashed_name = hashed_name_func(*args)
  File "C:\Users\mohamedyousry\Envs\sphinxproject\lib\site-packages\django\contrib\staticfiles\storage.py", line 417, in stored_name
    raise ValueError("Missing staticfiles manifest entry for '%s'" % clean_name)
ValueError: Missing staticfiles manifest entry for 'img/fav.png'
"GET / HTTP/1.1" 500 145
Internal Server Error: /
Traceback (most recent call last):
  File "C:\Users\mohamedyousry\Envs\sphinxproject\lib\site-packages\django\core\handlers\exception.py", line 47, in inner
    response = get_response(request)
  File "C:\Users\mohamedyousry\Envs\sphinxproject\lib\site-packages\django\core\handlers\base.py", line 179, in _get_response
    response = wrapped_callback(request, *callback_args, **callback_kwargs)
  File "C:\Users\mohamedyousry\mypro\sphinxx\SecurityHome\views.py", line 10, in index
    return render(request, 'index.html',{'client':cl})
  File "C:\Users\mohamedyousry\Envs\sphinxproject\lib\site-packages\django\shortcuts.py", line 19, in render
    content = loader.render_to_string(template_name, context, request, using=using)
  File "C:\Users\mohamedyousry\Envs\sphinxproject\lib\site-packages\django\template\loader.py", line 62, in render_to_string
    return template.render(context, request)
  File "C:\Users\mohamedyousry\Envs\sphinxproject\lib\site-packages\django\template\backends\django.py", line 61, in render
    return self.template.render(context)
  File "C:\Users\mohamedyousry\Envs\sphinxproject\lib\site-packages\django\template\base.py", line 170, in render
    return self._render(context)
  File "C:\Users\mohamedyousry\Envs\sphinxproject\lib\site-packages\django\template\base.py", line 162, in _render
    return self.nodelist.render(context)
  File "C:\Users\mohamedyousry\Envs\sphinxproject\lib\site-packages\django\template\base.py", line 938, in render
    bit = node.render_annotated(context)
  File "C:\Users\mohamedyousry\Envs\sphinxproject\lib\site-packages\django\template\base.py", line 905, in render_annotated
    return self.render(context)
  File "C:\Users\mohamedyousry\Envs\sphinxproject\lib\site-packages\django\templatetags\static.py", line 106, in render
    url = self.url(context)
  File "C:\Users\mohamedyousry\Envs\sphinxproject\lib\site-packages\django\templatetags\static.py", line 103, in url
    return self.handle_simple(path)
  File "C:\Users\mohamedyousry\Envs\sphinxproject\lib\site-packages\django\templatetags\static.py", line 118, in handle_simple
    return staticfiles_storage.url(path)
  File "C:\Users\mohamedyousry\Envs\sphinxproject\lib\site-packages\django\contrib\staticfiles\storage.py", line 147, in url
    return self._url(self.stored_name, name, force)
  File "C:\Users\mohamedyousry\Envs\sphinxproject\lib\site-packages\django\contrib\staticfiles\storage.py", line 126, in _url
    hashed_name = hashed_name_func(*args)
  File "C:\Users\mohamedyousry\Envs\sphinxproject\lib\site-packages\django\contrib\staticfiles\storage.py", line 417, in stored_name
    raise ValueError("Missing staticfiles manifest entry for '%s'" % clean_name)
ValueError: Missing staticfiles manifest entry for 'img/fav.png'
"GET / HTTP/1.1" 500 145
Internal Server Error: /
Traceback (most recent call last):
  File "C:\Users\mohamedyousry\Envs\sphinxproject\lib\site-packages\django\core\handlers\exception.py", line 47, in inner
    response = get_response(request)
  File "C:\Users\mohamedyousry\Envs\sphinxproject\lib\site-packages\django\core\handlers\base.py", line 179, in _get_response
    response = wrapped_callback(request, *callback_args, **callback_kwargs)
  File "C:\Users\mohamedyousry\mypro\sphinxx\SecurityHome\views.py", line 10, in index
    return render(request, 'index.html',{'client':cl})
  File "C:\Users\mohamedyousry\Envs\sphinxproject\lib\site-packages\django\shortcuts.py", line 19, in render
    content = loader.render_to_string(template_name, context, request, using=using)
  File "C:\Users\mohamedyousry\Envs\sphinxproject\lib\site-packages\django\template\loader.py", line 62, in render_to_string
    return template.render(context, request)
  File "C:\Users\mohamedyousry\Envs\sphinxproject\lib\site-packages\django\template\backends\django.py", line 61, in render
    return self.template.render(context)
  File "C:\Users\mohamedyousry\Envs\sphinxproject\lib\site-packages\django\template\base.py", line 170, in render
    return self._render(context)
  File "C:\Users\mohamedyousry\Envs\sphinxproject\lib\site-packages\django\template\base.py", line 162, in _render
    return self.nodelist.render(context)
  File "C:\Users\mohamedyousry\Envs\sphinxproject\lib\site-packages\django\template\base.py", line 938, in render
    bit = node.render_annotated(context)
  File "C:\Users\mohamedyousry\Envs\sphinxproject\lib\site-packages\django\template\base.py", line 905, in render_annotated
    return self.render(context)
  File "C:\Users\mohamedyousry\Envs\sphinxproject\lib\site-packages\django\templatetags\static.py", line 106, in render
    url = self.url(context)
  File "C:\Users\mohamedyousry\Envs\sphinxproject\lib\site-packages\django\templatetags\static.py", line 103, in url
    return self.handle_simple(path)
  File "C:\Users\mohamedyousry\Envs\sphinxproject\lib\site-packages\django\templatetags\static.py", line 118, in handle_simple
    return staticfiles_storage.url(path)
  File "C:\Users\mohamedyousry\Envs\sphinxproject\lib\site-packages\django\contrib\staticfiles\storage.py", line 147, in url
    return self._url(self.stored_name, name, force)
  File "C:\Users\mohamedyousry\Envs\sphinxproject\lib\site-packages\django\contrib\staticfiles\storage.py", line 126, in _url
    hashed_name = hashed_name_func(*args)
  File "C:\Users\mohamedyousry\Envs\sphinxproject\lib\site-packages\django\contrib\staticfiles\storage.py", line 417, in stored_name
    raise ValueError("Missing staticfiles manifest entry for '%s'" % clean_name)
ValueError: Missing staticfiles manifest entry for 'img/fav.png'
"GET / HTTP/1.1" 500 145
Internal Server Error: /
Traceback (most recent call last):
  File "C:\Users\mohamedyousry\Envs\sphinxproject\lib\site-packages\django\core\handlers\exception.py", line 47, in inner
    response = get_response(request)
  File "C:\Users\mohamedyousry\Envs\sphinxproject\lib\site-packages\django\core\handlers\base.py", line 179, in _get_response
    response = wrapped_callback(request, *callback_args, **callback_kwargs)
  File "C:\Users\mohamedyousry\mypro\sphinxx\SecurityHome\views.py", line 10, in index
    return render(request, 'index.html',{'client':cl})
  File "C:\Users\mohamedyousry\Envs\sphinxproject\lib\site-packages\django\shortcuts.py", line 19, in render
    content = loader.render_to_string(template_name, context, request, using=using)
  File "C:\Users\mohamedyousry\Envs\sphinxproject\lib\site-packages\django\template\loader.py", line 62, in render_to_string
    return template.render(context, request)
  File "C:\Users\mohamedyousry\Envs\sphinxproject\lib\site-packages\django\template\backends\django.py", line 61, in render
    return self.template.render(context)
  File "C:\Users\mohamedyousry\Envs\sphinxproject\lib\site-packages\django\template\base.py", line 170, in render
    return self._render(context)
  File "C:\Users\mohamedyousry\Envs\sphinxproject\lib\site-packages\django\template\base.py", line 162, in _render
    return self.nodelist.render(context)
  File "C:\Users\mohamedyousry\Envs\sphinxproject\lib\site-packages\django\template\base.py", line 938, in render
    bit = node.render_annotated(context)
  File "C:\Users\mohamedyousry\Envs\sphinxproject\lib\site-packages\django\template\base.py", line 905, in render_annotated
    return self.render(context)
  File "C:\Users\mohamedyousry\Envs\sphinxproject\lib\site-packages\django\templatetags\static.py", line 106, in render
    url = self.url(context)
  File "C:\Users\mohamedyousry\Envs\sphinxproject\lib\site-packages\django\templatetags\static.py", line 103, in url
    return self.handle_simple(path)
  File "C:\Users\mohamedyousry\Envs\sphinxproject\lib\site-packages\django\templatetags\static.py", line 118, in handle_simple
    return staticfiles_storage.url(path)
  File "C:\Users\mohamedyousry\Envs\sphinxproject\lib\site-packages\django\contrib\staticfiles\storage.py", line 147, in url
    return self._url(self.stored_name, name, force)
  File "C:\Users\mohamedyousry\Envs\sphinxproject\lib\site-packages\django\contrib\staticfiles\storage.py", line 126, in _url
    hashed_name = hashed_name_func(*args)
  File "C:\Users\mohamedyousry\Envs\sphinxproject\lib\site-packages\django\contrib\staticfiles\storage.py", line 417, in stored_name
    raise ValueError("Missing staticfiles manifest entry for '%s'" % clean_name)
ValueError: Missing staticfiles manifest entry for 'img/fav.png'
"GET / HTTP/1.1" 500 145
